<?xml version="1.0" encoding="UTF-8"?>
<!-- Generated by org.testng.reporters.JUnitReportReporter -->
<testsuite hostname="DESKTOP-44DROKL" failures="0" tests="1" name="com.framework.TestNG_Demo" time="0.022" errors="0" timestamp="2023-07-26T04:38:45 GMT-07:00" skipped="0">
  <testcase classname="com.framework.TestNG_Demo" name="example" time="0.022"/>
</testsuite> <!-- com.framework.TestNG_Demo -->
