<?xml version="1.0" encoding="UTF-8"?>
<!-- Generated by org.testng.reporters.JUnitReportReporter -->
<testsuite hostname="DESKTOP-44DROKL" failures="0" tests="1" name="com.examples.Example1" time="0.014" errors="0" timestamp="2023-07-26T07:26:25 GMT-07:00" skipped="0">
  <testcase classname="com.examples.Example1" name="demo" time="0.014"/>
</testsuite> <!-- com.examples.Example1 -->
