<?xml version="1.0" encoding="UTF-8"?>
<!-- Generated by org.testng.reporters.JUnitReportReporter -->
<testsuite hostname="DESKTOP-44DROKL" failures="0" tests="1" name="com.examples.TestProgram" time="0.019" errors="0" timestamp="2023-07-26T04:45:17 GMT-07:00" skipped="0">
  <testcase classname="com.examples.TestProgram" name="method" time="0.019"/>
</testsuite> <!-- com.examples.TestProgram -->
