<?xml version="1.0" encoding="UTF-8"?>
<!-- Generated by org.testng.reporters.JUnitReportReporter -->
<testsuite hostname="DESKTOP-44DROKL" failures="0" tests="3" name="com.ERP_Functions.ERP02" time="0.025" errors="0" timestamp="2023-07-26T06:16:14 GMT-07:00" skipped="0">
  <testcase classname="com.ERP_Functions.ERP02" name="Workspace01" time="0.003"/>
  <testcase classname="com.ERP_Functions.ERP02" name="Workspace02" time="0.008"/>
  <testcase classname="com.ERP_Functions.ERP02" name="Work" time="0.014"/>
</testsuite> <!-- com.ERP_Functions.ERP02 -->
