<?xml version="1.0" encoding="UTF-8"?>
<!-- Generated by org.testng.reporters.JUnitReportReporter -->
<testsuite hostname="DESKTOP-44DROKL" failures="0" tests="3" name="com.ERPFunctions.ERP_Element" time="6.511" errors="0" timestamp="2023-07-26T09:34:46 GMT-07:00" skipped="0">
  <testcase classname="com.ERPFunctions.ERP_Element" name="functionlity1" time="0.007"/>
  <testcase classname="com.ERPFunctions.ERP_Element" name="Browserlaunch" time="6.500"/>
  <testcase classname="com.ERPFunctions.ERP_Element" name="functionlity2" time="0.004"/>
</testsuite> <!-- com.ERPFunctions.ERP_Element -->
