<?xml version="1.0" encoding="UTF-8"?>
<!-- Generated by org.testng.reporters.JUnitReportReporter -->
<testsuite hostname="DESKTOP-44DROKL" failures="0" tests="3" name="com.ERP_Functions.ERP_Element" time="0.023" errors="0" timestamp="2023-07-26T06:16:06 GMT-07:00" skipped="0">
  <testcase classname="com.ERP_Functions.ERP_Element" name="functionlity1" time="0.007"/>
  <testcase classname="com.ERP_Functions.ERP_Element" name="functionlity2" time="0.004"/>
  <testcase classname="com.ERP_Functions.ERP_Element" name="functionlity" time="0.012"/>
</testsuite> <!-- com.ERP_Functions.ERP_Element -->
