<?xml version="1.0" encoding="UTF-8"?>
<!-- Generated by org.testng.reporters.JUnitReportReporter -->
<testsuite hostname="DESKTOP-44DROKL" failures="0" tests="3" name="ERP_Functions.ERP02" time="0.027" errors="0" timestamp="2023-07-26T06:03:53 GMT-07:00" skipped="0">
  <testcase classname="ERP_Functions.ERP02" name="Work" time="0.013"/>
  <testcase classname="ERP_Functions.ERP02" name="Workspace01" time="0.008"/>
  <testcase classname="ERP_Functions.ERP02" name="Workspace02" time="0.006"/>
</testsuite> <!-- ERP_Functions.ERP02 -->
