<?xml version="1.0" encoding="UTF-8"?>
<!-- Generated by org.testng.reporters.JUnitReportReporter -->
<testsuite hostname="DESKTOP-44DROKL" failures="0" tests="3" name="com.ERP.ERP01" time="0.025" errors="0" timestamp="2023-07-26T06:03:09 GMT-07:00" skipped="0">
  <testcase classname="com.ERP.ERP01" name="work1" time="0.008"/>
  <testcase classname="com.ERP.ERP01" name="work2" time="0.004"/>
  <testcase classname="com.ERP.ERP01" name="work" time="0.013"/>
</testsuite> <!-- com.ERP.ERP01 -->
