<?xml version="1.0" encoding="UTF-8"?>
<!-- Generated by org.testng.reporters.JUnitReportReporter -->
<testsuite hostname="DESKTOP-44DROKL" failures="0" tests="3" name="com.ERP.ERP_Virdhee" time="7.560" errors="0" timestamp="2023-07-26T09:34:46 GMT-07:00" skipped="0">
  <testcase classname="com.ERP.ERP_Virdhee" name="Setup" time="7.557"/>
  <testcase classname="com.ERP.ERP_Virdhee" name="workspace2" time="0.001"/>
  <testcase classname="com.ERP.ERP_Virdhee" name="workspace1" time="0.002"/>
</testsuite> <!-- com.ERP.ERP_Virdhee -->
